[0mGET /api/v1/articles/ [32m200 [0m36.965 ms - 230[0m
[0mGET /publix [33m404 [0m332.064 ms - 1497[0m
[0mGET /stylesheets/style.css [32m200 [0m11.433 ms - 111[0m
[0mGET /publix [33m404 [0m7.158 ms - 56[0m
[0mGET /index [33m404 [0m0.582 ms - 56[0m
[0mGET /index [33m404 [0m0.421 ms - 56[0m
[0mGET /index [33m404 [0m0.317 ms - 56[0m
[0mGET /index [33m404 [0m0.305 ms - 56[0m
[0mGET /index [33m404 [0m0.322 ms - 56[0m
[0mGET /index [33m404 [0m0.278 ms - 56[0m
[0mGET /index [33m404 [0m0.297 ms - 56[0m
[0mGET /index [33m404 [0m0.309 ms - 56[0m
[0mGET /index [33m404 [0m0.308 ms - 56[0m
[0mGET /index [33m404 [0m0.312 ms - 56[0m
[0mGET /index [33m404 [0m0.317 ms - 56[0m
[0mGET /index [33m404 [0m0.283 ms - 56[0m
[0mGET /index [33m404 [0m0.361 ms - 56[0m
[0mGET /index [33m404 [0m0.293 ms - 56[0m
[0mGET /index [33m404 [0m0.389 ms - 56[0m
[0mGET /index [33m404 [0m0.309 ms - 56[0m
[0mGET /index [33m404 [0m0.269 ms - 56[0m
[0mGET /index [33m404 [0m0.257 ms - 56[0m
[0mGET /index [33m404 [0m0.274 ms - 56[0m
[0mGET /index [33m404 [0m1.106 ms - 56[0m
[0mGET /index [33m404 [0m0.416 ms - 56[0m
[0mGET /index [33m404 [0m0.460 ms - 56[0m
[0mGET /index [33m404 [0m2.161 ms - 56[0m
[0mGET /index [33m404 [0m0.362 ms - 56[0m
[0mGET /index [33m404 [0m0.401 ms - 56[0m
[0mGET /index [33m404 [0m0.560 ms - 56[0m
[0mGET /index [33m404 [0m0.370 ms - 56[0m
[0mGET /index [33m404 [0m0.434 ms - 56[0m
[0mGET /index [33m404 [0m0.403 ms - 56[0m
[0mGET /index [33m404 [0m0.335 ms - 56[0m
[0mGET /index [33m404 [0m0.483 ms - 56[0m
[0mGET /index [33m404 [0m0.511 ms - 56[0m
[0mGET /index [33m404 [0m0.277 ms - 56[0m
[0mGET /index [33m404 [0m0.338 ms - 56[0m
[0mGET /index [33m404 [0m0.299 ms - 56[0m
[0mGET /index [33m404 [0m0.322 ms - 56[0m
[0mGET /index [33m404 [0m0.325 ms - 56[0m
[0mGET /index [33m404 [0m0.534 ms - 56[0m
[0mGET /index [33m404 [0m0.287 ms - 56[0m
[0mGET /index [33m404 [0m0.645 ms - 56[0m
[0mGET /index [33m404 [0m0.373 ms - 56[0m
[0mGET /index [33m404 [0m0.459 ms - 56[0m
[0mGET /index [33m404 [0m0.320 ms - 56[0m
[0mGET /index [33m404 [0m0.317 ms - 56[0m
[0mGET /index [33m404 [0m0.388 ms - 56[0m
[0mGET /index [33m404 [0m0.420 ms - 56[0m
[0mGET /index [33m404 [0m1.443 ms - 56[0m
[0mGET /index [33m404 [0m0.330 ms - 56[0m
[0mGET /index [33m404 [0m0.286 ms - 56[0m
[0mGET /index [33m404 [0m0.282 ms - 56[0m
[0mGET /index [33m404 [0m0.370 ms - 56[0m
[0mGET /index [33m404 [0m2.549 ms - 56[0m
[0mGET /index [33m404 [0m0.351 ms - 56[0m
[0mGET /index [33m404 [0m0.351 ms - 56[0m
[0mGET /index [33m404 [0m0.360 ms - 56[0m
[0mGET /index [33m404 [0m0.305 ms - 56[0m
[0mGET /index [33m404 [0m0.254 ms - 56[0m
[0mGET /index [33m404 [0m0.553 ms - 56[0m
[0mGET /index [33m404 [0m0.390 ms - 56[0m
[0mGET /index.html [32m200 [0m3.373 ms - 124[0m
[0mGET /index.html [36m304 [0m6.544 ms - -[0m
[0mGET /asd [33m404 [0m8.262 ms - 56[0m
[0mGET /index [33m404 [0m0.784 ms - 56[0m
[0mGET /index [33m404 [0m0.338 ms - 56[0m
[0mGET /index [33m404 [0m0.317 ms - 56[0m
[0mGET /index [33m404 [0m0.473 ms - 56[0m
[0mGET /index [33m404 [0m0.320 ms - 56[0m
[0mGET /index [33m404 [0m1.113 ms - 56[0m
[0mGET /index [33m404 [0m0.336 ms - 56[0m
[0mGET /index [33m404 [0m0.323 ms - 56[0m
[0mGET /index [33m404 [0m0.348 ms - 56[0m
[0mGET /index [33m404 [0m0.388 ms - 56[0m
[0mGET /index [33m404 [0m0.313 ms - 56[0m
[0mGET /index [33m404 [0m0.330 ms - 56[0m
[0mGET /index [33m404 [0m0.320 ms - 56[0m
[0mGET /index [33m404 [0m0.293 ms - 56[0m
[0mGET /index [33m404 [0m0.268 ms - 56[0m
[0mGET /index [33m404 [0m0.346 ms - 56[0m
[0mGET /index [33m404 [0m0.339 ms - 56[0m
[0mGET /index [33m404 [0m0.605 ms - 56[0m
[0mGET /index [33m404 [0m0.306 ms - 56[0m
[0mGET /index [33m404 [0m1.202 ms - 56[0m
[0mGET /index [33m404 [0m0.344 ms - 56[0m
[0mGET /index [33m404 [0m0.291 ms - 56[0m
[0mGET /index [33m404 [0m0.317 ms - 56[0m
[0mGET /index [33m404 [0m0.285 ms - 56[0m
[0mGET /index [33m404 [0m0.318 ms - 56[0m
[0mGET /index [33m404 [0m0.366 ms - 56[0m
[0mGET /index [33m404 [0m0.318 ms - 56[0m
[0mGET /index [33m404 [0m0.310 ms - 56[0m
[0mGET /index [33m404 [0m0.272 ms - 56[0m
[0mGET /index [33m404 [0m0.350 ms - 56[0m
[0mGET /index [33m404 [0m0.414 ms - 56[0m
[0mGET /index [33m404 [0m1.054 ms - 56[0m
[0mGET /index [33m404 [0m0.270 ms - 56[0m
[0mGET /index [33m404 [0m0.288 ms - 56[0m
[0mGET /index [33m404 [0m1.578 ms - 56[0m
[0mGET /index [33m404 [0m0.257 ms - 56[0m
[0mGET /index [33m404 [0m0.280 ms - 56[0m
[0mGET /index [33m404 [0m0.258 ms - 56[0m
[0mGET /index [33m404 [0m0.284 ms - 56[0m
[0mGET /asds [33m404 [0m11.546 ms - 74[0m
[0mGET /not-found.html [32m200 [0m2.758 ms - 180[0m
[0mGET /not-found.html [32m200 [0m1.482 ms - 226[0m
[0mGET /not-found.html [32m200 [0m0.757 ms - 226[0m
[0mGET /not-found.html [32m200 [0m11.816 ms - 470[0m
[0mGET /not-found.html [32m200 [0m2.191 ms - 295[0m
[0mGET /stylesheets/style.css [32m200 [0m0.657 ms - 316[0m
[0mGET /not-found.html [36m304 [0m2.946 ms - -[0m
[0mGET /stylesheets/style.css [32m200 [0m0.589 ms - 469[0m
[0mGET /not-found.html [36m304 [0m0.512 ms - -[0m
[0mGET /stylesheets/style.css [36m304 [0m0.364 ms - -[0m
[0mGET /stylesheets/style.css [36m304 [0m0.643 ms - -[0m
[0mGET /not-found.html [32m200 [0m2.039 ms - 295[0m
[0mGET /stylesheets/style.css [32m200 [0m0.653 ms - 365[0m
[0mGET /public [33m404 [0m2.641 ms - 74[0m
[0mGET /not-found.html [36m304 [0m0.274 ms - -[0m
[0mGET /stylesheets/style.css [36m304 [0m0.331 ms - -[0m
[0mGET /fsdfsd [33m404 [0m0.379 ms - 74[0m
[0mGET /not-found.html [36m304 [0m0.351 ms - -[0m
[0mGET /stylesheets/style.css [36m304 [0m0.276 ms - -[0m
[0mGET /signup [33m404 [0m0.445 ms - 74[0m
[0mGET /not-found.html [36m304 [0m0.950 ms - -[0m
[0mGET /stylesheets/style.css [36m304 [0m5.501 ms - -[0m
[0mGET /dsfad [36m302 [0m13.041 ms - 74[0m
[0mGET /not-found.html [36m304 [0m1.786 ms - -[0m
[0mGET /stylesheets/style.css [36m304 [0m0.737 ms - -[0m
